@00003004: $ 1 <= 00000005
@00003008: $ 2 <= 00000003
@0000300c: $ 3 <= 00000005
@00003010: $ 4 <= 00000003
@00003014: $ 5 <= 00000007
@00003018: $ 6 <= 0000000a
@0000301c: $ 7 <= 00000008
@00003020: $ 8 <= 0000000a
@00003024: $ 9 <= 00000003
@00003028: $10 <= 0000000b
@0000302c: $11 <= 00000008
@00003030: $12 <= 00000004
@00003034: $13 <= 00000009
@00003038: $14 <= 0000000c
@0000303c: $15 <= 0000000b
@00003040: $16 <= 0000000a
@00003044: $17 <= 00000005
@00003048: $18 <= 00000005
@0000304c: $19 <= 00000008
@00003050: $20 <= 00000005
@00003054: $21 <= 00000007
@00003058: $22 <= 00000009
@0000305c: $23 <= 00000006
@00003060: $24 <= 00000009
@00003064: $25 <= 00000008
@00003068: $26 <= 00000007
@0000306c: $27 <= 00000006
@00003070: $28 <= 0000000c
@00003074: $29 <= 00000003
@00003078: $30 <= 00000004
@0000307c: $ 3 <= 00000014
@00003080: *00000020 <= 00000006
@00003084: $31 <= 00003088
@0000309c: $ 5 <= ffff0000
@000030a0: $ 5 <= ffff0001
@000030a4: $ 5 <= ffff0000
@000030a8: $ 5 <= ffffffff
@000030ac: $ 5 <= ffffffff
@000030b0: $ 5 <= 00000006
@000030b4: $ 5 <= 00000007
@000030b8: $20 <= ffff0000
@000030bc: $20 <= ffff0002
@000030c0: $18 <= ffff0000
@000030c4: $18 <= fffffffe
@000030c8: $11 <= ffff0000
@000030cc: $11 <= fffffffe
@000030d0: $11 <= ffff0000
@000030d4: $20 <= 0000000a
@000030d8: $18 <= 00000009
@000030dc: $11 <= 00000007
@000030e0: $ 3 <= 00000018
@000030e4: *000000b8 <= 00000003
@000030e8: $19 <= 00000018
@000030ec: $17 <= 00000000
@000030f0: $13 <= ffff0000
@000030f4: $13 <= fffffffe
@000030f8: $25 <= ffff0000
@000030fc: $25 <= ffff0000
@00003100: $13 <= ffff0000
@00003104: $13 <= 0000000c
@00003108: $25 <= 00000005
@0000310c: $11 <= ffff0000
@00003110: $11 <= ffff0001
@00003114: $ 9 <= ffff0000
@00003118: $ 9 <= ffff0003
@0000311c: $16 <= ffff0000
@00003120: $16 <= fffffffd
@00003124: $16 <= fffe0004
@00003128: $11 <= 0000000a
@0000312c: $ 9 <= 00000005
@00003130: $16 <= 00000006
@00003134: $24 <= ffff0000
@00003138: $24 <= ffff0003
@0000313c: $18 <= ffff0000
@00003140: $18 <= ffff0002
@00003144: $22 <= ffff0000
@00003148: $22 <= ffff0001
@0000314c: $22 <= 00000001
@00003150: $24 <= 00000009
@00003154: $18 <= 00000008
@00003158: $22 <= 00000009
@0000315c: $14 <= ffff0000
@00003160: $14 <= ffff0000
@00003164: $15 <= ffff0000
@00003168: $15 <= ffff0003
@0000316c: $ 4 <= ffff0000
@00003170: $ 4 <= fffffffe
@00003174: $ 4 <= fffffffd
@00003178: $14 <= 0000000c
@0000317c: $15 <= 00000009
@00003180: $ 4 <= 0000000a
@00003184: $22 <= ffff0000
@00003188: $22 <= ffff0003
@0000318c: $ 8 <= ffff0000
@00003190: $ 8 <= ffff0002
@00003194: $22 <= ffff0003
@00003198: $22 <= 00000007
@0000319c: $ 8 <= 00000007
@000031a4: $ 4 <= ffff0000
@000031a8: $ 4 <= ffff0003
@000031ac: $ 8 <= ffff0000
@000031b0: $ 8 <= fffffffe
@000031b4: $ 8 <= ffff0000
@000031b8: $ 8 <= ffff0000
@000031bc: $ 8 <= 00000003
@000031c0: $ 4 <= 0000000a
@000031c4: $ 8 <= 00000004
@000031c8: $ 8 <= 00000005
@000031cc: $ 9 <= ffff0000
@000031d0: $ 9 <= ffff0003
@000031d4: $23 <= ffff0000
@000031d8: $23 <= ffff0002
@000031dc: $ 9 <= ffff0003
@000031e0: $ 9 <= 00000008
@000031e4: $23 <= 00000005
@000031e8: $17 <= 00000010
@000031ec: *0000009c <= 0000000a
@000031f0: $ 2 <= 00000010
@000031f4: $23 <= 00000000
@000031fc: $22 <= 00000018
@00003200: *0000006c <= 00000009
@00003204: $ 3 <= ffff0000
@00003208: $ 3 <= ffff0003
@0000320c: $10 <= ffff0000
@00003210: $10 <= fffffffd
@00003214: $18 <= ffff0000
@00003218: $18 <= ffffffff
@0000321c: $18 <= ffff0006
@00003220: $ 3 <= 0000000c
@00003224: $10 <= 00000008
@00003228: $18 <= 00000005
@0000322c: $23 <= 00000018
@00003230: $ 6 <= 00000000
@00003240: $ 9 <= 0000000c
@00003244: $ 7 <= 00000000
@00003248: $15 <= 00000014
@0000324c: *00000040 <= 00000006
@00003250: $22 <= 00a00000
@0000325c: $ 8 <= ffff0000
@00003260: $ 8 <= ffff0003
@00003264: $27 <= ffff0000
@00003268: $27 <= ffff0002
@0000326c: $ 8 <= fffffffe
@00003270: $ 8 <= 00000009
@00003274: $27 <= 0000000b
@00003280: $16 <= ffff0000
@00003284: $16 <= fffffffd
@00003288: $13 <= ffff0000
@0000328c: $13 <= ffff0001
@00003290: $13 <= 00000003
@00003298: $16 <= 0000000a
@0000329c: $13 <= 0000000c
@000032a0: $ 4 <= 00000004
@000032a4: *00000030 <= 00000007
@000032a8: $ 6 <= 00000018
@000032ac: $20 <= 00000000
@000032b8: $31 <= 000032bc
@000032d0: $ 8 <= ffff0000
@000032d4: $ 8 <= ffff0003
@000032d8: $31 <= ffff0000
@000032dc: $31 <= ffff0002
@000032e0: $14 <= ffff0000
@000032e4: $14 <= ffff0003
@000032e8: $14 <= fffe0005
@000032ec: $ 8 <= 0000000b
@000032f0: $31 <= 00000004
@000032f4: $14 <= 00000009
@000032f8: $10 <= 0000000c
@000032fc: *00000014 <= 00000005
@00003300: $18 <= 00000008
@00003304: *00000054 <= 00000010
@00003308: $ 2 <= ffff0000
@0000330c: $ 2 <= ffff0002
@00003310: $ 2 <= fffd0000
@00003314: $ 2 <= 00000005
@00003318: $ 3 <= ffff0000
@0000331c: $ 3 <= ffff0001
@00003320: $17 <= ffff0000
@00003324: $17 <= ffffffff
@00003328: $ 3 <= ffffffff
@0000332c: $ 3 <= 0000000b
@00003330: $17 <= 00000004
@00003334: $ 4 <= 00000008
@00003338: *00000068 <= 00a00000
@0000333c: $30 <= ffff0000
@00003340: $30 <= fffffffe
@00003344: $30 <= 00010000
@00003348: $30 <= 00000009
@00003350: $31 <= ffff0000
@00003354: $31 <= ffff0003
@00003358: $10 <= ffff0000
@0000335c: $10 <= ffff0000
@00003360: $31 <= ffffffff
@00003364: $31 <= 00000005
@00003368: $10 <= 0000000c
@0000336c: $ 9 <= 0000000f
@00003370: $26 <= ffff0000
@00003374: $26 <= ffff0002
@00003378: $26 <= ffff0000
@0000337c: $26 <= 00000007
@00003380: $12 <= 00000004
@00003384: $22 <= 00000000
@00003388: $ 8 <= 0000000c
@0000338c: $25 <= 00000000
@00003394: $10 <= 00000010
@00003398: *0000005c <= 0000000c
@000033a0: $14 <= 00000009
@000033a8: $22 <= 00000014
@000033ac: *0000004c <= 0000000f
@000033b0: $20 <= 0000000f
@000033b4: $30 <= ffff0000
@000033b8: $30 <= fffffffe
@000033bc: $30 <= 00020000
@000033c0: $30 <= 00000006
@000033c8: $21 <= 00a70000
@000033d8: $30 <= ffff0000
@000033dc: $30 <= ffff0000
@000033e0: $ 6 <= ffff0000
@000033e4: $ 6 <= ffffffff
@000033e8: $ 6 <= ffff0000
@000033f0: $30 <= 00000006
@000033f4: $ 6 <= 00000006
@000033f8: $ 5 <= 00570000
@000033fc: $11 <= 002b0000
@00003400: $28 <= 00000008
@00003404: *0000001c <= 0000000a
@00003408: $17 <= 00500000
@0000340c: $ 3 <= 00000001
@00003418: $31 <= 0000341c
@0000342c: $25 <= ffffffe8
@00003430: $14 <= 00000004
@00003434: $ 1 <= 00000000
@00003438: $24 <= fffffffb
@0000343c: $12 <= ffff0000
@00003440: $12 <= fffffffd
@00003444: $12 <= 00000000
@00003448: $12 <= 0000000a
@0000344c: $18 <= 002afffd
@00003450: $26 <= 00000004
@00003454: *0000007c <= fffffffb
@00003458: $ 9 <= 00000000
@0000345c: $ 9 <= ffff0000
@00003460: $ 9 <= ffff0003
@00003464: $26 <= ffff0000
@00003468: $26 <= ffff0002
@00003478: $ 9 <= 0000000b
@0000347c: $26 <= 00000009
@00003484: $ 5 <= 00000018
@00003488: $ 4 <= ffff0000
@0000348c: $ 4 <= fffffffe
@00003490: $20 <= ffff0000
@00003494: $20 <= ffff0003
@00003498: $ 5 <= ffff0000
@0000349c: $ 5 <= ffff0003
@000034a0: $ 5 <= 0000fffb
@000034a4: $ 4 <= 0000000a
@000034a8: $20 <= 00000003
@000034ac: $ 5 <= 00000003
@000034b0: $28 <= 00000015
@000034b4: $ 6 <= 00870000
@000034b8: $ 1 <= ffff0000
@000034bc: $ 1 <= fffffffe
@000034c0: $ 9 <= ffff0000
@000034c4: $ 9 <= fffffffe
@000034c8: $ 1 <= ffffffff
@000034cc: $ 1 <= 0000000b
@000034d0: $ 9 <= 0000000c
@000034d4: $26 <= 00000008
@000034d8: *0000003c <= ffffffe8
@000034dc: $28 <= 00000016
@000034e0: $22 <= ffff0000
@000034e4: $22 <= ffff0000
@000034e8: $22 <= 00020000
@000034ec: $22 <= 00000006
@000034f0: $ 6 <= ff79000a
@000034f4: $11 <= 00000014
@000034f8: *000000ac <= ffffffe8
@000034fc: $27 <= 00000018
@00003500: $18 <= 0000000a
@0000350c: $18 <= ffff0000
@00003510: $18 <= ffffffff
@00003514: $ 1 <= ffff0000
@00003518: $ 1 <= fffffffe
@0000351c: $24 <= ffff0000
@00003520: $24 <= ffff0000
@00003524: $24 <= 00000001
@00003528: $18 <= 0000000a
@0000352c: $ 1 <= 00000008
@00003530: $24 <= 00000004
@00003534: $ 8 <= ffff0000
@00003538: $ 8 <= ffff0002
@0000353c: $15 <= ffff0000
@00003540: $15 <= ffff0002
@00003544: $ 8 <= fffffffe
@00003548: $ 8 <= 00000008
@0000354c: $15 <= 00000009
@00003550: $31 <= 0000000e
@00003554: $11 <= 0000000c
@00003558: *00000064 <= 0000000a
@00003564: $22 <= ffff0000
@00003568: $22 <= ffff0002
@0000356c: $16 <= ffff0000
@00003570: $16 <= fffffffe
@00003574: $21 <= ffff0000
@00003578: $21 <= ffff0003
@0000357c: $21 <= ffff0004
@00003580: $22 <= 00000003
@00003584: $16 <= 00000007
@00003588: $21 <= 00000004
@0000358c: $19 <= 00000028
@00003590: $29 <= ffff0000
@00003594: $29 <= ffff0003
@00003598: $12 <= ffff0000
@0000359c: $12 <= ffff0002
@000035a0: $21 <= ffff0000
@000035a4: $21 <= ffffffff
@000035a8: $21 <= 00000001
@000035ac: $29 <= 00000003
@000035b0: $12 <= 0000000b
@000035b4: $21 <= 00000004
@000035c8: $ 8 <= 00000004
@000035cc: $18 <= 00000000
@000035d8: $31 <= ffff0000
@000035dc: $31 <= ffff0002
@000035e8: $31 <= 0000000b
@000035f0: $ 1 <= 00000010
@000035f4: *00000060 <= 0000000a
@000035fc: $10 <= 00000043
@00003600: $26 <= 00000004
@00003604: $26 <= 00000000
@00003608: $27 <= 00000014
@0000360c: *0000003c <= 00000003
@00003610: $ 6 <= 00000008
@00003614: *00000060 <= 00000004
@0000361c: $30 <= 00000000
@00003620: $13 <= ffff0000
@00003624: $13 <= ffff0001
@00003628: $20 <= ffff0000
@0000362c: $20 <= ffff0003
@00003630: $13 <= ffffffff
@00003634: $13 <= 00000004
@00003638: $20 <= 00000008
@0000363c: $30 <= ffffffea
@00003640: $ 1 <= ffff0000
@00003644: $ 1 <= ffff0002
@00003648: $21 <= ffff0000
@0000364c: $21 <= ffff0000
@0000365c: $ 1 <= 00000004
@00003660: $21 <= 00000007
@00003668: $18 <= 00c60000
@0000366c: $31 <= 00000008
@00003670: $16 <= 00000000
@00003674: $30 <= 0000000c
@00003678: *00000054 <= 00000004
@0000367c: $11 <= 0000000f
@00003680: $30 <= 00000000
@00003684: $18 <= 00000008
@00003688: *00000058 <= 0000000f
@00003694: $ 2 <= 00000010
@00003698: *00000090 <= 00000001
@0000369c: $21 <= 0000004d
@000036b0: $28 <= ffff0000
@000036b4: $28 <= ffff0002
@000036b8: $25 <= ffff0000
@000036bc: $25 <= ffff0003
@000036c0: $28 <= ffff0003
@000036c4: $28 <= 00000007
@000036c8: $25 <= 00000007
@000036cc: $16 <= ffff0000
@000036d0: $16 <= fffffffe
@000036d4: $ 8 <= ffff0000
@000036d8: $ 8 <= fffffffe
@000036dc: $16 <= fffffffe
@000036e0: $16 <= 0000000c
@000036e4: $ 8 <= 0000000b
@000036ec: $23 <= 00000010
@000036f0: *00000050 <= 0000000f
@000036f4: $27 <= 00000008
@000036f8: *00000068 <= 0000000c
@000036fc: $23 <= 00000013
@00003708: $10 <= 00500007
@00003710: $28 <= 00000010
@00003714: *0000005c <= 00000004
@00003718: $31 <= 002e0000
@0000371c: $13 <= 0000000c
@00003720: $25 <= 00000000
@00003724: $30 <= 00000018
@00003728: $23 <= 00000007
@0000372c: $31 <= 00000008
@00003730: $ 5 <= ffff0000
@00003734: $ 5 <= fffffffe
@00003738: $ 4 <= ffff0000
@0000373c: $ 4 <= ffff0000
@00003740: $10 <= ffff0000
@00003744: $10 <= fffffffe
@00003748: $10 <= fffefffe
@0000374c: $ 5 <= 00000007
@00003750: $ 4 <= 00000004
@00003754: $10 <= 00000006
@00003760: $22 <= ffff0000
@00003764: $22 <= fffffffd
@00003770: $22 <= 00000005
@00003774: $20 <= 00c80000
@0000377c: $22 <= 00000001
@00003780: $ 8 <= 00000018
@00003784: $28 <= ffffffbf
@00003788: $13 <= 00000055
@00003790: $ 2 <= 0000000c
@00003794: $ 5 <= 00000000
@00003798: $11 <= 00000008
@0000379c: $13 <= 0000000a
@000037a0: $19 <= ffff0000
@000037a4: $19 <= ffff0003
@000037a8: $16 <= ffff0000
@000037ac: $16 <= ffff0002
@000037b0: $30 <= ffff0000
@000037b4: $30 <= fffffffe
@000037b8: $30 <= fffe0005
@000037bc: $19 <= 00000005
@000037c0: $16 <= 00000007
@000037c4: $30 <= 0000000b
@000037cc: $11 <= 00000000
@000037d0: $17 <= ffff0000
@000037d4: $17 <= fffffffe
@000037d8: $10 <= ffff0000
@000037dc: $10 <= ffff0000
@000037e0: $29 <= ffff0000
@000037e4: $29 <= ffff0002
@000037e8: $29 <= 0000fffe
@000037ec: $17 <= 00000003
@000037f0: $10 <= 00000004
@000037f4: $29 <= 0000000c
@000037fc: $ 4 <= 00000054
@00003804: $28 <= ffff0000
@00003808: $28 <= fffffffd
@0000380c: $26 <= ffff0000
@00003810: $26 <= ffff0000
@00003814: $28 <= ffff0002
@00003818: $28 <= 0000000b
@0000381c: $26 <= 00000008
@00003824: $31 <= 00000004
@00003828: *00000068 <= 00000007
@00003830: $31 <= 00000006
@00003834: $30 <= 00000047
@00003844: $ 5 <= 0000005f
@00003848: $ 7 <= 00000014
@0000384c: $31 <= 0000000c
@00003850: $22 <= 00000000
@00003854: $24 <= 00a00000
@00003858: $11 <= 00000013
@00003860: $18 <= 0000005f
@00003864: $ 4 <= 00990000
@00003868: $20 <= ffff0000
@0000386c: $20 <= ffff0001
@00003878: $20 <= 00000003
@0000387c: $20 <= 0000000c
@00003884: $16 <= ffff0000
@00003888: $16 <= fffffffd
@0000388c: $ 5 <= ffff0000
@00003890: $ 5 <= ffff0001
@00003894: $ 3 <= ffff0000
@00003898: $ 3 <= fffffffd
@0000389c: $ 3 <= fffefffe
@000038a0: $16 <= 00000005
@000038a4: $ 5 <= 00000007
@000038a8: $ 3 <= 00000007
@000038ac: $16 <= 00000014
@000038b0: $25 <= 00000004
@000038b4: $20 <= 00000004
@000038b8: $ 8 <= 0000000f
@000038bc: $10 <= 000000ae
@000038c0: $27 <= ffff0000
@000038c4: $27 <= ffff0000
@000038c8: $27 <= 00020000
@000038cc: $27 <= 00000007
@000038d0: $30 <= ffff0000
@000038d4: $30 <= fffffffe
@000038d8: $28 <= ffff0000
@000038dc: $28 <= ffff0000
@000038e0: $24 <= ffff0000
@000038e4: $24 <= fffffffe
@000038e8: $24 <= fffefffe
@000038ec: $30 <= 0000000b
@000038f0: $28 <= 00000003
@000038f4: $24 <= 00000006
@000038f8: $19 <= 0000000c
@000038fc: *000000a0 <= 00000014
@00003900: $16 <= ffff0000
@00003904: $16 <= ffff0003
@00003908: $18 <= ffff0000
@0000390c: $18 <= fffffffd
@00003910: $24 <= ffff0000
@00003914: $24 <= fffffffe
@00003918: $24 <= ffff0000
@0000391c: $16 <= 00000003
@00003920: $18 <= 00000007
@00003924: $24 <= 00000008
@00003928: $ 1 <= 000000b7
@0000392c: $23 <= 00000054
@00003930: $11 <= 000000af
@00003934: $31 <= 00000004
@00003938: $19 <= 00000000
@00003940: $17 <= ffff0000
@00003944: $17 <= ffff0002
@00003948: $22 <= ffff0000
@0000394c: $22 <= ffff0002
@00003950: $17 <= ffff0002
@00003954: $17 <= 00000005
@00003958: $22 <= 0000000c
@0000395c: $13 <= 00000014
@00003960: *00000054 <= 00000009
@00003964: $ 7 <= 00000008
@00003968: $30 <= 00000000
@0000396c: $ 7 <= 00400000
@00003970: $28 <= 00000008
@00003974: $19 <= 00000009
@0000397c: $ 1 <= 00000001
@00003980: $30 <= 00000014
@00003984: *00000028 <= 0000004d
@00003988: $24 <= 0000000c
@00003998: $19 <= 003a0000
@0000399c: $23 <= ffff0000
@000039a0: $23 <= ffff0003
@000039a4: $ 5 <= ffff0000
@000039a8: $ 5 <= ffff0001
@000039ac: $21 <= ffff0000
@000039b0: $21 <= fffffffe
@000039b4: $21 <= 00000002
@000039b8: $23 <= 00000008
@000039bc: $ 5 <= 00000007
@000039c0: $21 <= 00000003
@000039c4: $17 <= 00000010
@000039c8: *00000034 <= 0000000c
@000039cc: $16 <= 00000018
@000039d0: $12 <= 00000000
@000039d4: $26 <= 00000008
@000039d8: *00000010 <= 00000008
@000039dc: $20 <= 00000018
@000039e0: $18 <= 00000000
@000039e4: $28 <= 00160000
@000039e8: $ 4 <= 003a0018
@000039ec: $ 5 <= 00000018
@000039f0: $27 <= 00000003
@000039f4: $29 <= ffff0000
@000039f8: $29 <= fffffffd
@000039fc: $29 <= ffff0000
@00003a00: $29 <= 0000000c
@00003a04: $15 <= 0000000c
@00003a08: $10 <= 0000000a
@00003a14: $24 <= 0000000c
@00003a18: $22 <= 0000000a
@00003a1c: $14 <= ffff0000
@00003a20: $14 <= ffffffff
@00003a24: $ 3 <= ffff0000
@00003a28: $ 3 <= ffff0000
@00003a2c: $ 7 <= ffff0000
@00003a30: $ 7 <= fffffffd
@00003a34: $ 7 <= 0000ffff
@00003a38: $14 <= 00000006
@00003a3c: $ 3 <= 00000003
@00003a40: $ 7 <= 0000000c
@00003a48: $ 9 <= 00000010
@00003a4c: *00000024 <= 0000000c
@00003a50: $ 1 <= 00890000
